1, Compute the average amount (use the total amount column) paid by customers who were picked up on May 11, 2019 (2019-05-11)
Input:
cat 2019-05.csv | grep '0,"2019-05-11' | cut -d "," -f 17 | awk '{ sum += $1 } END { if (NR > 0) print sum / NR }' | bc > a2.txt


2, What was the highest total amount paid by customers who were picked up on May 11, 2019 (2019-05-11)?
Input:
cat 2019-05.csv | grep '0,"2019-05-11' | cut -d "," -f 17 | sort -nr | head -1 >> a2.txt


3, Among the rides with three or more customers, identify the 10 most popular dropoff locations (May 2019)
Input:
cat 2019-05.csv | grep '000000",[3-9]' | cut -d "," -f 9 | sort -n | uniq -c | sort -nr | head -10 >> a2.txt


4, Among the rides from the most popular pickup location on May 20, 2019, what was the most popular dropoff location?
Input:
(Find the most popular pickup location on May 20, 2019 first. And 237.0 is the most popular pickup location)
cat 2019-05.csv | grep '0,"2019-05-20' | cut -d "," -f 8 | sort -n | uniq -c | sort -nr | head -1 >> a2.txt 

(Find the most popular dropoff location using pickup locationID 237.0)
cat 2019-05.csv | grep '0,"2019-05-20' | grep "[NY],237.0" | cut -d "," -f 9 | sort -n | uniq -c | sort -nr | head -1 >> a2.txt


5, Which pickup location was most popular (busiest) throughout the year (Jan to Dec) in 2019?
Input:
(Merge all csv files into one file named all.csv)
cat 2019-01.csv 2019-02.csv 2019-03.csv 2019-04.csv 2019-05.csv 2019-06.csv 2019-07.csv 2019-08.csv 2019-09.csv 2019-10.csv 2019-11.csv 2019-12.csv > all.csv

(Find the most popular (busiest) throughout the year (Jan to Dec) in 2019)
cat all.csv | grep '0,"2019-' | cut -d "," -f 8 | sort -n | uniq -c | sort -nr | head -1 >> a2.txt
