    7  dir
    8  cd ..
    9  dir
   10  cd vo23fa
   11  cd ruxin23fa
   12  dir
   13  git init
   14  dir
   15  passwd
   16  dir
   17  passwd
   18  echo $SHELL
   19  dir
   20  mkdir cs131
   21  dir
   22  cd cs131
   23  di   26  cd ws1
   27  cd cs 131
   28  cd 131
   29  cd cs131
   30  dir
   31  ws1
   32  cd ws1
   33  git init
   34  touch newfile.txt
   35  dir
   36  ls
   37  git status
   38  git add
   39  git status
   40  git add newfile.txt
   41  git status
   42  git commit -m "message123"
   43  git commit -m "First commit"
   44  dir
   45  git status
   46  git commit -m "First commit"
   47  git config --global user.name "Ruxin-xie"
   48  git commit -m "First commit"
   49  git branch
   50  git checkout -b <my-new-branch>
   51  git checkout -b <my branch name>
   52  git branch
   53  git checkout -b<my branch name>
   54  git checkout -b <new-branch>
   55  git checkout -b new-branch
   56  git branch
   57  git remote add origin get@github.com:ruxin-xie/cs131.git
   58  git branch -M main
   59  git push -u origin main
   60  git remote add origin get@github.com:ruxin-xie/cs131.git
   61  git remote add origin get@github.com:ruxin-xie/cs131.git
   62  git branch -M main
   63  git push -u origin master
   64  git push origin new-branch
   65  git branch
   66  git checkout -b new-branch
   67  git branch
   68  git push origin new-branch
   69  git branch
   70  git remote add origin get@github.com:ruxin-xie/cs131.git
   71  git push -u origin master
   72  git branch
   73  git push -u origin new-branch
   74  git remote add origin get@github.com:ruxin-xie/cs131.git
   75  git push -u origin master
   76  git push -u origin main
   77  git remote add origin get@github.com:ruxin-xie/cs131a.git
   78  dir
   79  git config --global user.email "ruxin.xie01@sjsu.edu"
   80  hit status
   81  git status
   82  git branch
   83  git switch master
   84  git branch
   85  git status
   86  dir
   87  touch newfile.txt
   88  git status
   89  git init
   90  touch newfile.txt
   91  git status
   92  dir
   93  touch new.txt
   94  git status
   95  git add new.txt
   96  git status
   97  git commit -m "This is my first commit!"
   98  git branch
   99  git switch new-branch
  100  git branch
  101  git remote add origin https://git remote add origin https://github.com/ruxin-xie/cs131.git
  102  git remote add origin https://github.com/ruxin-xie/cs131.git
  103  git push -u origin master
  104  history > cmds.log
  105  git push -u origin master
  106  eval "$(ssh-agent -s)"
  107  ssh-add-l -E md5
  108  ssh-add -l -E md5
  109  ssh-keygen
  110  git push -u origin master
  111  cat id_rsa.pub
  112  cd ..
  113  cd /
  114  dir
  115  cd home
  116  dir
  117  cd ruxin23fa
  118  dir
  119  ls
  120  cd ws1
  121  cd ..
  122  cd ~
  123  dir
  124  git push -u origin master
  125  cd cs131
  126  dir
  127  cd ws1
  128  git push -u origin master
  129  git branch
  130  ssh-keygen -t rsa
  131  pbcopy < ~/.ssh/id_rsa.pub
  132  dir
  133  pbcopy < ~/.ssh/id_rsa.pub
  134  pbcopy 123456.pub
  135  pbcopy < 123456.pub
  136  pbcopy < ~/.ssh/id_rsa.pub
  137  dir
  138  cd 123456
  139  cat 123456.pub
  140  git push -u origin master
  141  git push -u origin new-branch
  142  git branch
  143  git remote add origin https://github.com/ruxin-xie/cs131.git
  144  git push origin master
  145  cd cs131
  146  cd ws1
  147  dir
  148  git remote add origin https://github.com/ruxin-xie/cs131.git
  149  git branch
  150  git push origin new-branch
  151  dir
  152  git remote add origin https://github.com/ruxin-xie/cs131.git
  153  git branch
  154  git init
  155  touch newfile.txt
  156  git status
  157  git add newfile.txt
  158  git status
  159  git commit -m "This is my first commit!"
  160  git branch
  161  git checkout -b my-new-branch
  162  git branch
  163  git remote add origin https://github.com/ruxin-xie/cs131.g
  164  git push -u origin master
  165  git push origin master
  166  git remote add origin https://github.com/ruxin-xie/cs131.git
  167  git remote add origin git@gitgub.com:ruxin-xie/cs131.git
  168  git push origin master
  169  git push origin my-new-branch
  170  ssh-keygen -t rsa
  171  pbcopy < ~/.ssh/id_rsa.pub
  172  dir
  173  cat 123
  174  cat 123.pub
  175  git push origin master
  176  git config --global user.name "Ruxin-xie"
  177  git push origin master
  178  dir
  179  wget www.github.com
  180  sudo dnf install git-all
  181  mkdir myprojet
  182  cd myprojet/
  183  dir
  184  git init
  185  touch newfile.txt
  186  ls
  187  git status
  188  git add newfile.txt
  189  git status
  190  git commit -m "This is my firstcommit!"
  191  git checkout -b my-new-branch
  192  git branch
  193  git remote add origin https://github.com/ruxin-xie1/cs131.git
  194  git push -u origin master
  195  git branch -M main
  196  git push -u origin main
  197  git push -u origin master
  198  dir
  199  history > cmds.log
  200  dir
  201  cat cmds.log
  202  dir
  203  git branch
  204  git switch master
  205  git branch
  206  dir
  207  git push -u origin master
  208  ssh-keygen -t rsa
  209  cat 111.pub
  210  git push -u origin master
  211  git remote add origin https://github.com/ruxin-xie1/cs131.git
  212  git push -u origin master
  213  git branch
  214  git checkout -b my-new-branch
  215  git branch
  216  git push -u origin my-new-branch
  217  dir
  218  history > cmds.log
  219  cat cmds.log
  220  git add cmds.log
  221  git status
  222  git branch
  223  git push -u origin my-new-branch
  224  git push -u origin master
  225  wget www.github.com
  226  dir
  227  cd ..
  228  dir
  229  cd myprojet
  230  dir
  231  get status
  232  git status
  233  git add index.html
  234  git status
  235  git push -u origin my-new-branch
  236  git commit -m "history log file"
  237  git push -u origin my-new-branch
  238  ls
  239  cd myprojet
  240  ls
  241  git branch
  242  cd ..
  243  cd 131
  244  cd cs131
  245  ls
  246  cd ..
  247  cd myprojet
  248  ls
  249  mkdir ws1
  250  ls
  251  mv cmds.log ws1
  252  ls
  253  cd ws1
  254  ls
  255  cd ..
  256  mv index.html ws1
  257  cd ws1
  258  ls
  259  git branch
  260  git status
  261  git push -u origin my-new-branch
  262  is
  263  ls
  264  cd ..
  265  ls
  266  git status
  267  git add ws1/
  268  git status
  269  ls
  270  git push -u origin my-new-branch
  271  git commit -m "cs131-ws1"
  272  git status
  273  ls
  274  cd ws1
  275  ls
  276  cd ..
  277  ls
  278  cd ws1
  279  git remote add origin https://github.com/ruxin-xie1/cs131.git
  280  cd ..
  281  git remote add origin https://github.com/ruxin-xie1/cs131.git
  282  git push -u origin my-new-branch
  283  ls
  284  git rm newfile.txt
  285  git push -u origin my-new-branch
  286  ls
  287  git status  317  cat newfile.txt
  318  ls
  319  cd cs131
  320  ls
  321  cd ws1
  322  ls
  323  cat cmds.log
  324  grep branch
  325  grep branch cmds.log
  326  cd /.
  327  ls
  328  cd datasets
  329  ls
  330  cp /datasets/taxidata.tar.gz .
  331  ls
  332  cd ..
  333  ls
  334  cd ~
  335  ls
  336  cd cs131
  337  ls
  338  cp /datasets/taxidata.tar.gz .
  339  ls
  340  taxidata.tar.gz
  341  taxidata.tar.gz.
  342  tar taxidata.tar.gz
  343  tar -xvzf taxidata.tar.gz
  344  ls
  345  cd taxidata
  346  ls
  347  cat 2019-03.csv
  348  ls
  349  grep 2019-03-12 2019-03.csv
  350  ls
  351  cd cs131
  352  ls
  353  vim hellovim.txt
  354  ls
  355  cd cs131
  356  ls
  357  vim hellovim.txt
  358  ls
  359  cd cs131
  360  cd taxidata/
  361  ls
  362  cat aa.txt
  363  grep 2019-03-13 aa.txt
  364  grep .*","2019-03-12 aa.txt > bb.txt
  365  ls
  366  cat bb.txt
  367  ls
  368  cat aa.txt
  369  grep .*000000","2019
  370  grep 2019-03-13 aa.txt
  371  grep .*"," aa.txt
  372  grep .*","2019-03-12* aa.txt > bb.txt
  373  ls
  374  cd bb.txt
  375  cat bb.txt
  376  grep .*","2019-03-12\* aa.txt > bb.txt
  377  cat bb.txt
  378  grep .*","2019-03-12/* aa.txt > bb.txt
  379  cat bb.txt
  380  cat aa.txt
  381  grep 2019-03-12 aa.txt
  382  grep .*","2019-03-12 aa.txt
  383  grep ","2019-03-12 aa.txt
  384  ls
  385  grep ","2019-03-12 2019-03.csv
  386  man grep
  387  grep '","2019-03-12' aa.txt
  388  grep '2019-03-12' aa.txt
  389  grep '2019-03-13' aa.txt
  390  grep '","2019-03-13'> aa.txt
  391  grep '","2019-03-12' aa.txt > bb.txt
  392  ls
  393  cat bb.txt
  394  grep '","2019-03-12' aa.txt > bb.txt
  395  cat bb.txt
  396  grep '","2019-03-12' aa.txt > cc.txt
  397  cat cc.txt
  398  ls
  399  rm cc.txt
  400  ls
  401  rm bb.txt
  402  ls
  403  cat aa.txt
  404  grep '","2019-03-12' 2019-03.csv > aa.txt
  405  cat aa.txt
  406  grep '03-13' aa.txt
  407  grep -tial 10 aa.txt
  408  grep -tail 10 aa.txt
  409  tail -n 10 aa.txt | grep '","2019-03-12'
  410  ls
  411  cd ..
  412  ls
  413  cd ..
  414  ls
  415  cd myprojet
  416  ls
  417  mkdir ws2
  418  ls
  419  cd ws2
  420  ls
  421  ls
  422  cd cs131
  423  ls
  424  vim hello.txt
  425  ls
  426  cd cs131
  427  ls
  428  cd taxidata/
  429  ls
  430  grep 2019-03-12 2019-03.csv > aa.txt
  431  cat aa.txt
  432  cd cs131
  433  ls
  434  cd taxidata/
  435  ls
  436  cat aa.txt
  437  cd cs131
  438  cd te
  439  ls
  440  cd taxidata/
  441  ls
  442  wc '","2019-03-12'
  443  wc 
  444  tail -n 10 aa.txt | grep '","2019-03-12' > bb.txt
  445  cat bb.txt
  446  wc '","2019-03-12' bb.txt
  447  wc -l '","2019-03-12' bb.txt
  448  wc '2019-03-12' bb.txt
  449  wc -l '","2019-03-12' aa.txt >> bb.txt
  450  wc -l '","2019-03-12' aa.txt 
  451  ls
  452  wc -l '","2019-03-12' aa.txt >> bb.txt
  453  wc -l '","2019-03-12' aa.txt
  454  wc -l '","2019-03-12' aa.txt >> bb.txt
  455  cat bb.txt
  456  wc '","2019-03-12' aa.txt >> bb.txt
  457  cat bb.txt
  458  wc ","2019-03-12 aa.txt >> bb.txt
  459  cat bb.txt
  460  wc aa.txt
  461  tail -n 10 aa.txt | grep '","2019-03-12' > bb.txt
  462  cat bb.txt
  463  grep '","2019-03-12' > cc.txt | wc -l cc.txt
  464  grep '","2019-03-12' 2019-03.csv > cc.txt | wc -l cc.txt
  465  grep '","2019-03-12' 2019-03.csv > cc.txt
  466  cat cc.txt
  467  ls
  468  wc cc.txt
  469  wc -l cc.txt
  470  grep ^","2019-03-12$ 2019-03-12.csv > dd.txt
  471  grep ^","2019-03-12$ 2019-03.csv > dd.txt
  472  wc -l dd.txt
  473  cat dd.txt
  474  grep "^","2019-03-12$" 2019-03.csv > dd.txt
  475  cat dd.txt
  476  grep [^","2019-03-12] 2019-03.csv > dd.txt
  477  grep [^","2019-03-12$] 2019-03.csv > dd.txt
  478  grep ['","2019-03-12'] 2019-03.csv > dd.txt
  479  grep [","2019-03-12] 2019-03.csv > dd.txt
  480  grep [^2] 2019-03.csv > dd.txt
  481  grep [^a] 2019-03.csv > dd.txt
  482  cat dd.txt
  483  tail -n 10 aa.txt | grep '","2019-03-12' > bb.txt
  484  grep '","2019-03-12' > cc.txt | wc -l cc.txt
  485  grep '","2019-03-12' > cc.txt
  486  grep '","2019-03-12' 2019-03.csv > cc.txt | wc -l cc.txt
  487  wc -l cc.txt
  488  tail -n 10 bb.txt | grep '","2019-03-12' > bb.txt
  489  cat bb.txt
  490  grep '","2019-03-12' > bb.txt
  491  ls
  492  rm aa.txt cc.txt bb.txt dd.txt
  493  ls
  494  grep '","2019-03-12' 2019-03.csv > re.txt
  495  tail -n 10 re.txt
  496  tail -n 10 re.txt > re.txt
  497  cat re.txt
  498  tail -n 10 re.txt
  499  grep '","2019-03-12' 2019-03.csv > re.txt
  500  wc -l re.txt
  501  tail -n 10 re.txt
  502  tail -n 10 re.txt > re1.txt


  582  cd myprojet
  583  mkdir ws2
  584  cd ws2
  586  cp /datasets/taxidata.tar.gz .
  594  ls
  596  tar zxvf taxidata.tar.gz
  598  grep '","2019-03-12' taxidata/2019-03.csv > re.txt
  599  tail -n 10 re.txt > results.txt
  600  wc -l re.txt >> results.txt
  602  cat results.txt
  609  ls
  612  history > cmds.log
